<?xml version="1.0" encoding="UTF-8"?>
<!-- Generated by org.testng.reporters.JUnitReportReporter -->
<testsuite hostname="LAPTOP-40D4M6FM" failures="0" tests="2" name="com.ka.testCases.testCaseLogin" time="0.028" errors="0" timestamp="2020-02-02T22:59:20 IST" skipped="2">
  <testcase classname="com.ka.testCases.testCaseLogin" name="TestCaseLogin" time="0.024">
    <skipped/>
  </testcase> <!-- TestCaseLogin -->
  <testcase classname="com.ka.testCases.testCaseLogin" name="TestCaseLogin" time="0.004">
    <skipped/>
  </testcase> <!-- TestCaseLogin -->
</testsuite> <!-- com.ka.testCases.testCaseLogin -->
