<?xml version="1.0" encoding="UTF-8"?>
<!-- Generated by org.testng.reporters.JUnitReportReporter -->
<testsuite hostname="LAPTOP-40D4M6FM" failures="0" tests="2" name="com.ka.testCases.testCaseLogin" time="24.622" errors="0" timestamp="2020-02-02T22:29:23 IST" skipped="1">
  <testcase classname="com.ka.testCases.testCaseLogin" name="TestCaseLogin" time="0.003">
    <skipped/>
  </testcase> <!-- TestCaseLogin -->
  <system-out/>
  <testcase classname="com.ka.testCases.testCaseLogin" name="TestCaseLogin" time="24.619"/>
  <system-out/>
</testsuite> <!-- com.ka.testCases.testCaseLogin -->
