<?xml version="1.0" encoding="UTF-8"?>
<!-- Generated by org.testng.reporters.JUnitReportReporter -->
<testsuite hostname="LAPTOP-40D4M6FM" failures="0" tests="2" name="com.ka.testCases.flightSearchTest" time="23.320" errors="0" timestamp="2020-02-02T22:29:23 IST" skipped="1">
  <testcase classname="com.ka.testCases.flightSearchTest" name="FlightSearchTest" time="22.498"/>
  <system-out/>
  <testcase classname="com.ka.testCases.flightSearchTest" name="FlightSearchTest" time="0.822">
    <skipped/>
  </testcase> <!-- FlightSearchTest -->
  <system-out/>
</testsuite> <!-- com.ka.testCases.flightSearchTest -->
